<?xml version="1.0" encoding="UTF-8"?>
<!-- Generated by org.testng.reporters.JUnitXMLReporter -->
<testsuite hostname="DESKTOP-BA319U8" name="Default test" tests="10" failures="0" timestamp="30 May 2019 08:11:51 GMT" time="43.747" errors="0">
  <testcase name="loginTest" time="3.87" classname="com.qa.testcases.AccountSettingTest"/>
  <testcase name="linksAccountToMailDropsTest" time="5.988" classname="com.qa.testcases.AccountSettingTest"/>
  <testcase name="createUserTest" time="5.239" classname="com.qa.testcases.AccountSettingTest"/>
  <testcase name="createOpportunities" time="3.588" classname="com.qa.testcases.AccountSettingTest"/>
  <testcase name="createTrack" time="4.11" classname="com.qa.testcases.AccountSettingTest"/>
  <testcase name="createTaskCategory" time="3.663" classname="com.qa.testcases.AccountSettingTest"/>
  <testcase name="createTaskCategory" time="3.653" classname="com.qa.testcases.AccountSettingTest"/>
  <testcase name="custFieldsTest" time="0.578" classname="com.qa.testcases.AccountSettingTest"/>
  <testcase name="createTagsTest" time="3.259" classname="com.qa.testcases.AccountSettingTest"/>
  <testcase name="IntegrationAndTrashTest" time="1.678" classname="com.qa.testcases.AccountSettingTest"/>
</testsuite> <!-- Default test -->
